<?xml version="1.0" encoding="UTF-8"?>
<!-- Generated by org.testng.reporters.JUnitXMLReporter -->
<testsuite hostname="LAPTOP-PT872IRN" name="Default test" tests="5" failures="0" timestamp="21 Mar 2022 11:22:49 GMT" time="14.71" errors="0">
  <testcase name="createUser" time="6.259" classname="rest.restapiproject.project"/>
  <testcase name="login" time="2.301" classname="rest.restapiproject.project"/>
  <testcase name="edit" time="1.587" classname="rest.restapiproject.project"/>
  <testcase name="logout" time="2.236" classname="rest.restapiproject.project"/>
  <testcase name="delete" time="2.279" classname="rest.restapiproject.project"/>
</testsuite> <!-- Default test -->
